\BOOKMARK [0][]{ctitle.0}{\376\377\136\046\145\366\225\364\145\117\141\037\140\047\166\204\145\340\116\272\147\072\177\121\176\334\142\153\143\317\211\206\166\326\173\227\154\325\213\276\213\241\116\016\133\236\163\260}{}% 1
\BOOKMARK [0][]{section*.2}{\376\377\144\130\000\040\211\201}{}% 2
\BOOKMARK [0][]{section*.4}{\376\377\000A\000b\000s\000t\000r\000a\000c\000t}{}% 3
\BOOKMARK [0][]{ccontent.0}{\376\377\166\356\000\040\137\125}{}% 4
\BOOKMARK [0][]{chapter.1}{\376\377\173\054\0001\172\340\000\040\176\352\213\272}{}% 5
\BOOKMARK [1][]{section.1.1}{\376\377\0001\000.\0001\000\040\213\376\230\230\200\314\146\157\123\312\170\024\172\166\166\204\166\356\166\204\124\214\141\017\116\111}{chapter.1}% 6
\BOOKMARK [1][]{section.1.2}{\376\377\0001\000.\0002\000\040\154\024\117\123\155\246\156\321\217\164\142\177\123\312\121\166\166\370\121\163\164\006\213\272\166\204\123\321\134\125\151\202\121\265}{chapter.1}% 7
\BOOKMARK [2][]{subsection.1.2.1}{\376\377\0001\000.\0002\000.\0001\000\040\154\024\117\123\155\246\156\321\217\164\142\177\166\204\123\321\134\125}{section.1.2}% 8
\BOOKMARK [1][]{section.1.3}{\376\377\0001\000.\0003\000\040\147\054\145\207\166\204\116\073\211\201\170\024\172\166\121\205\133\271}{chapter.1}% 9
\BOOKMARK [0][]{chapter.2}{\376\377\173\054\0002\172\340\000\040\143\222\162\110\126\376\162\107}{}% 10
\BOOKMARK [1][]{section.2.1}{\376\377\0002\000.\0001\000\040\137\025\212\000}{chapter.2}% 11
\BOOKMARK [1][]{section.2.2}{\376\377\0002\000.\0002\000\040\123\132\130\353\153\325\116\032\213\272\145\207\123\314\213\355\230\230\154\350}{chapter.2}% 12
\BOOKMARK [2][]{subsection.2.2.1}{\376\377\0002\000.\0002\000.\0001\000\040\147\054\170\125\213\272\145\207\230\230\154\350}{section.2.2}% 13
\BOOKMARK [2][]{subsection.2.2.2}{\376\377\0002\000.\0002\000.\0002\000\040\136\166\143\222\126\376\124\214\133\120\126\376}{section.2.2}% 14
\BOOKMARK [1][]{section.2.3}{\376\377\0002\000.\0003\000\040\131\202\117\125\120\132\121\372\173\046\124\010\211\304\203\003\166\204\157\002\116\256\166\204\126\376}{chapter.2}% 15
\BOOKMARK [2][]{subsection.2.3.1}{\376\377\0002\000.\0003\000.\0001\000\040\000T\000i\000k\000z\117\134\126\376\116\076\117\213}{section.2.3}% 16
\BOOKMARK [2][]{subsection.2.3.2}{\376\377\0002\000.\0003\000.\0002\000\040\000R\117\134\126\376}{section.2.3}% 17
\BOOKMARK [2][]{subsection.2.3.3}{\376\377\0002\000.\0003\000.\0003\000\040\116\023\116\032\176\330\126\376\135\345\121\167}{section.2.3}% 18
\BOOKMARK [1][]{section.2.4}{\376\377\0002\000.\0004\000\040\147\054\172\340\134\017\176\323}{chapter.2}% 19
\BOOKMARK [0][]{chapter.3}{\376\377\173\054\0003\172\340\000\040\143\222\162\110\121\154\137\017}{}% 20
\BOOKMARK [1][]{section.3.1}{\376\377\0003\000.\0001\000\040\137\025\212\000}{chapter.3}% 21
\BOOKMARK [1][]{section.3.2}{\376\377\0003\000.\0002\000\040\133\371\162\151\164\006\221\317\173\046\123\367\217\333\210\114\154\350\221\312\166\204\140\305\121\265}{chapter.3}% 22
\BOOKMARK [1][]{section.3.3}{\376\377\0003\000.\0003\000\040\133\120\121\154\137\017}{chapter.3}% 23
\BOOKMARK [1][]{section.3.4}{\376\377\0003\000.\0004\000\040\147\054\172\340\134\017\176\323}{chapter.3}% 24
\BOOKMARK [0][]{chapter.4}{\376\377\173\054\0004\172\340\000\040\143\222\162\110\210\150\150\074}{}% 25
\BOOKMARK [1][]{section.4.1}{\376\377\0004\000.\0001\000\040\137\025\212\000}{chapter.4}% 26
\BOOKMARK [1][]{section.4.2}{\376\377\0004\000.\0002\000\040\146\156\220\032\210\150\150\074\166\204\176\330\122\066\145\271\154\325}{chapter.4}% 27
\BOOKMARK [1][]{section.4.3}{\376\377\0004\000.\0003\000\040\225\177\210\150\150\074\166\204\176\330\122\066\145\271\154\325}{chapter.4}% 28
\BOOKMARK [1][]{section.4.4}{\376\377\0004\000.\0004\000\040\122\027\133\275\123\357\214\003\210\150\150\074\166\204\176\330\122\066\145\271\154\325}{chapter.4}% 29
\BOOKMARK [2][]{subsection.4.4.1}{\376\377\0004\000.\0004\000.\0001\000\040\210\150\150\074\121\205\147\320\123\125\121\103\150\074\121\205\133\271\217\307\225\177\166\204\140\305\121\265}{section.4.4}% 30
\BOOKMARK [2][]{subsection.4.4.2}{\376\377\0004\000.\0004\000.\0002\000\040\143\222\162\110\152\052\162\110\210\150\150\074\166\204\116\076\117\213}{section.4.4}% 31
\BOOKMARK [1][]{section.4.5}{\376\377\0004\000.\0005\000\040\147\054\172\340\134\017\176\323}{chapter.4}% 32
\BOOKMARK [0][]{chapter.5}{\376\377\173\054\0005\172\340\000\040\137\025\165\050\123\302\200\003\145\207\163\056}{}% 33
\BOOKMARK [1][]{section.5.1}{\376\377\0005\000.\0001\000\040\137\025\212\000}{chapter.5}% 34
\BOOKMARK [1][]{section.5.2}{\376\377\0005\000.\0002\000\040\123\302\200\003\145\207\163\056\137\025\165\050\145\271\154\325}{chapter.5}% 35
\BOOKMARK [1][]{section.5.3}{\376\377\0005\000.\0003\000\040\147\054\172\340\134\017\176\323}{chapter.5}% 36
\BOOKMARK [0][]{chapter.6}{\376\377\173\054\0006\172\340\000\040\210\145\121\105\213\364\146\016}{}% 37
\BOOKMARK [1][]{section.6.1}{\376\377\0006\000.\0001\000\040\137\025\212\000}{chapter.6}% 38
\BOOKMARK [1][]{section.6.2}{\376\377\0006\000.\0002\000\040\121\163\116\216\145\160\133\127}{chapter.6}% 39
\BOOKMARK [1][]{section.6.3}{\376\377\0006\000.\0003\000\040\175\042\137\025\171\072\117\213}{chapter.6}% 40
\BOOKMARK [1][]{section.6.4}{\376\377\0006\000.\0004\000\040\147\057\213\355\143\222\162\110\116\076\117\213}{chapter.6}% 41
\BOOKMARK [1][]{section.6.5}{\376\377\0006\000.\0005\000\040\133\232\164\006\124\214\133\232\116\111\173\111}{chapter.6}% 42
\BOOKMARK [1][]{section.6.6}{\376\377\0006\000.\0006\000\040\121\166\116\326\147\102\230\171}{chapter.6}% 43
\BOOKMARK [2][]{subsection.6.6.1}{\376\377\0006\000.\0006\000.\0001\000\040\123\363\177\373\230\165}{section.6.6}% 44
\BOOKMARK [2][]{subsection.6.6.2}{\376\377\0006\000.\0006\000.\0002\000\040\173\227\154\325}{section.6.6}% 45
\BOOKMARK [2][]{subsection.6.6.3}{\376\377\0006\000.\0006\000.\0003\000\040\201\032\154\350}{section.6.6}% 46
\BOOKMARK [2][]{subsection.6.6.4}{\376\377\0006\000.\0006\000.\0004\000\040\156\220\170\001}{section.6.6}% 47
\BOOKMARK [2][]{subsection.6.6.5}{\376\377\0006\000.\0006\000.\0005\000\040\140\035\156\220\133\213\117\123}{section.6.6}% 48
\BOOKMARK [2][]{subsection.6.6.6}{\376\377\0006\000.\0006\000.\0006\000\040\147\057\213\355\213\315\154\107\173\241\164\006}{section.6.6}% 49
\BOOKMARK [1][]{section.6.7}{\376\377\0006\000.\0007\000\040\147\054\172\340\134\017\176\323}{chapter.6}% 50
\BOOKMARK [0][]{section*.14}{\376\377\176\323\000\040\213\272}{}% 51
\BOOKMARK [0][]{chapter*.17}{\376\377\123\237\122\033\140\047\130\360\146\016\000\040}{}% 52
\BOOKMARK [0][]{section*.18}{\376\377\201\364\000\040\214\042}{}% 53
\BOOKMARK [0][]{appendix.A}{\376\377\226\104\137\125\000\040\000A\000\040\131\026\145\207\215\104\145\231\177\373\213\321}{}% 54
\BOOKMARK [1][]{section.A.1}{\376\377\000A\000.\0001\000\040\123\125\166\356\150\007\211\304\122\022}{appendix.A}% 55
\BOOKMARK [2][]{subsection.A.1.1}{\376\377\000A\000.\0001\000.\0001\000\040\176\277\140\047\211\304\122\022}{section.A.1}% 56
\BOOKMARK [2][]{subsection.A.1.2}{\376\377\000A\000.\0001\000.\0002\000\040\227\136\176\277\140\047\211\304\122\022}{section.A.1}% 57
\BOOKMARK [2][]{subsection.A.1.3}{\376\377\000A\000.\0001\000.\0003\000\040\145\164\145\160\211\304\122\022}{section.A.1}% 58
\BOOKMARK [0][]{appendix.B}{\376\377\226\104\137\125\000\040\000B\000\040\131\026\145\207\215\104\145\231\123\237\145\207}{}% 59
\BOOKMARK [1][]{section.B.1}{\376\377\000B\000.\0001\000\040\000S\000i\000n\000g\000l\000e\000-\000O\000b\000j\000e\000c\000t\000i\000v\000e\000\040\000P\000r\000o\000g\000r\000a\000m\000m\000i\000n\000g}{appendix.B}% 60
\BOOKMARK [2][]{subsection.B.1.1}{\376\377\000B\000.\0001\000.\0001\000\040\000L\000i\000n\000e\000a\000r\000\040\000P\000r\000o\000g\000r\000a\000m\000m\000i\000n\000g}{section.B.1}% 61
\BOOKMARK [2][]{subsection.B.1.2}{\376\377\000B\000.\0001\000.\0002\000\040\000N\000o\000n\000l\000i\000n\000e\000a\000r\000\040\000P\000r\000o\000g\000r\000a\000m\000m\000i\000n\000g}{section.B.1}% 62
\BOOKMARK [2][]{subsection.B.1.3}{\376\377\000B\000.\0001\000.\0003\000\040\000I\000n\000t\000e\000g\000e\000r\000\040\000P\000r\000o\000g\000r\000a\000m\000m\000i\000n\000g}{section.B.1}% 63
\BOOKMARK [0][]{appendix.C}{\376\377\226\104\137\125\000\040\000C\000\040\121\166\133\203\226\104\137\125}{}% 64
